<?xml version="1.0" encoding="UTF-8"?>
<!-- Generated by org.testng.reporters.JUnitReportReporter -->
<testsuite hostname="parrot" failures="0" tests="1" name="com.mycompany.getautoassured_test" time="1.305" errors="0" timestamp="2024-12-19T20:39:31 IST" skipped="0">
  <testcase classname="com.mycompany.getautoassured_test" name="testlogin_assure" time="1.305"/>
</testsuite> <!-- com.mycompany.getautoassured_test -->
