<?xml version="1.0" encoding="UTF-8"?>
<!-- Generated by org.testng.reporters.JUnitReportReporter -->
<testsuite hostname="parrot" failures="0" tests="2" name="com.mycompany.omniappTest" time="20.663" errors="0" timestamp="2025-01-31T15:38:10 IST" skipped="0">
  <testcase classname="com.mycompany.omniappTest" name="test2_invalidLogin" time="11.653"/>
  <testcase classname="com.mycompany.omniappTest" name="test1_validLogin" time="9.010"/>
</testsuite> <!-- com.mycompany.omniappTest -->
