<?xml version="1.0" encoding="UTF-8"?>
<!-- Generated by org.testng.reporters.JUnitReportReporter -->
<testsuite hostname="parrot" failures="0" tests="1" name="com.mycompany.getautoassuredTest" time="2.189" errors="0" timestamp="2025-02-03T21:41:25 IST" skipped="0">
  <testcase classname="com.mycompany.getautoassuredTest" name="test4_autoAssuredLogin" time="2.189"/>
</testsuite> <!-- com.mycompany.getautoassuredTest -->
