<?xml version="1.0" encoding="UTF-8"?>
<!-- Generated by org.testng.reporters.JUnitReportReporter -->
<testsuite hostname="parrot" failures="0" tests="1" name="com.mycompany.omniapp_test" time="150.949" errors="0" timestamp="2024-11-22T21:00:31 IST" skipped="0">
  <testcase classname="com.mycompany.omniapp_test" name="onboard_test" time="150.949"/>
</testsuite> <!-- com.mycompany.omniapp_test -->
