<?xml version="1.0" encoding="UTF-8"?>
<!-- Generated by org.testng.reporters.JUnitReportReporter -->
<testsuite hostname="parrot" failures="0" tests="1" name="com.mycompany.omniapp_test" time="7.729" errors="0" timestamp="2024-11-28T17:09:33 IST" skipped="0">
  <testcase classname="com.mycompany.omniapp_test" name="invalid_onborad_test" time="7.729"/>
</testsuite> <!-- com.mycompany.omniapp_test -->
