<?xml version="1.0" encoding="UTF-8"?>
<!-- Generated by org.testng.reporters.JUnitReportReporter -->
<testsuite hostname="parrot" failures="0" tests="1" name="com.mycompany.getautoassuredTest" time="1.156" errors="0" timestamp="2025-01-31T15:38:10 IST" skipped="0">
  <testcase classname="com.mycompany.getautoassuredTest" name="test4_autoAssuredLogin" time="1.156"/>
</testsuite> <!-- com.mycompany.getautoassuredTest -->
