<?xml version="1.0" encoding="UTF-8"?>
<!-- Generated by org.testng.reporters.JUnitReportReporter -->
<testsuite hostname="parrot" failures="0" tests="1" name="com.mycompany.cynthia_onboardTest" time="9.893" errors="0" timestamp="2025-01-31T15:38:10 IST" skipped="0">
  <testcase classname="com.mycompany.cynthia_onboardTest" name="test3_cynthiaOnboard" time="9.893"/>
</testsuite> <!-- com.mycompany.cynthia_onboardTest -->
