<?xml version="1.0" encoding="UTF-8"?>
<!-- Generated by org.testng.reporters.JUnitReportReporter -->
<testsuite hostname="parrot" failures="0" tests="1" name="com.mycompany.cynthia_onboard_test" time="21.140" errors="0" timestamp="2024-11-28T22:46:55 IST" skipped="0">
  <testcase classname="com.mycompany.cynthia_onboard_test" name="cynthia_onboard_success" time="21.140"/>
</testsuite> <!-- com.mycompany.cynthia_onboard_test -->
